{
  "timestamp": "2025-09-21T08:44:31.273905",
  "total_tests": 54,
  "passed": 24,
  "failed": 18,
  "errors": 0,
  "skipped": 12,
  "success_rate": 57.14285714285714,
  "test_suites": [
    {
      "module": "game_flow_tests",
      "tests_run": 54,
      "failures": 18,
      "errors": 0,
      "skipped": 12,
      "success_rate": 66.66666666666666,
      "output": "test_compilation (game_flow_tests.PlatformerFlowTest.test_compilation)\nTest game compilation from components ... FAIL\ntest_complete_flow (game_flow_tests.PlatformerFlowTest.test_complete_flow)\nTest complete game creation flow ... FAIL\ntest_execution (game_flow_tests.PlatformerFlowTest.test_execution)\nTest game execution ... skipped 'No compiled code available'\ntest_export_game (game_flow_tests.PlatformerFlowTest.test_export_game)\nTest exporting game as Python file ... skipped 'No compiled code available'\ntest_save_project (game_flow_tests.PlatformerFlowTest.test_save_project)\nTest saving the completed game project ... FAIL\ntest_stage_assets_selection (game_flow_tests.PlatformerFlowTest.test_stage_assets_selection)\nTest asset selection stage ... ok\ntest_stage_ending_screen (game_flow_tests.PlatformerFlowTest.test_stage_ending_screen)\nTest ending screen creation ... ok\ntest_stage_gameplay_setup (game_flow_tests.PlatformerFlowTest.test_stage_gameplay_setup)\nTest gameplay setup stage ... ok\ntest_stage_title_screen (game_flow_tests.PlatformerFlowTest.test_stage_title_screen)\nTest title screen creation stage ... ok\ntest_compilation (game_flow_tests.RPGFlowTest.test_compilation)\nTest game compilation from components ... FAIL\ntest_complete_flow (game_flow_tests.RPGFlowTest.test_complete_flow)\nTest complete game creation flow ... FAIL\ntest_execution (game_flow_tests.RPGFlowTest.test_execution)\nTest game execution ... skipped 'No compiled code available'\ntest_export_game (game_flow_tests.RPGFlowTest.test_export_game)\nTest exporting game as Python file ... skipped 'No compiled code available'\ntest_save_project (game_flow_tests.RPGFlowTest.test_save_project)\nTest saving the completed game project ... FAIL\ntest_stage_assets_selection (game_flow_tests.RPGFlowTest.test_stage_assets_selection)\nTest asset selection stage ... ok\ntest_stage_ending_screen (game_flow_tests.RPGFlowTest.test_stage_ending_screen)\nTest ending screen creation ... ok\ntest_stage_gameplay_setup (game_flow_tests.RPGFlowTest.test_stage_gameplay_setup)\nTest gameplay setup stage ... ok\ntest_stage_title_screen (game_flow_tests.RPGFlowTest.test_stage_title_screen)\nTest title screen creation stage ... ok\ntest_compilation (game_flow_tests.PuzzleFlowTest.test_compilation)\nTest game compilation from components ... FAIL\ntest_complete_flow (game_flow_tests.PuzzleFlowTest.test_complete_flow)\nTest complete game creation flow ... FAIL\ntest_execution (game_flow_tests.PuzzleFlowTest.test_execution)\nTest game execution ... skipped 'No compiled code available'\ntest_export_game (game_flow_tests.PuzzleFlowTest.test_export_game)\nTest exporting game as Python file ... skipped 'No compiled code available'\ntest_save_project (game_flow_tests.PuzzleFlowTest.test_save_project)\nTest saving the completed game project ... FAIL\ntest_stage_assets_selection (game_flow_tests.PuzzleFlowTest.test_stage_assets_selection)\nTest asset selection stage ... ok\ntest_stage_ending_screen (game_flow_tests.PuzzleFlowTest.test_stage_ending_screen)\nTest ending screen creation ... ok\ntest_stage_gameplay_setup (game_flow_tests.PuzzleFlowTest.test_stage_gameplay_setup)\nTest gameplay setup stage ... ok\ntest_stage_title_screen (game_flow_tests.PuzzleFlowTest.test_stage_title_screen)\nTest title screen creation stage ... ok\ntest_compilation (game_flow_tests.RacingFlowTest.test_compilation)\nTest game compilation from components ... FAIL\ntest_complete_flow (game_flow_tests.RacingFlowTest.test_complete_flow)\nTest complete game creation flow ... FAIL\ntest_execution (game_flow_tests.RacingFlowTest.test_execution)\nTest game execution ... skipped 'No compiled code available'\ntest_export_game (game_flow_tests.RacingFlowTest.test_export_game)\nTest exporting game as Python file ... skipped 'No compiled code available'\ntest_save_project (game_flow_tests.RacingFlowTest.test_save_project)\nTest saving the completed game project ... FAIL\ntest_stage_assets_selection (game_flow_tests.RacingFlowTest.test_stage_assets_selection)\nTest asset selection stage ... ok\ntest_stage_ending_screen (game_flow_tests.RacingFlowTest.test_stage_ending_screen)\nTest ending screen creation ... ok\ntest_stage_gameplay_setup (game_flow_tests.RacingFlowTest.test_stage_gameplay_setup)\nTest gameplay setup stage ... ok\ntest_stage_title_screen (game_flow_tests.RacingFlowTest.test_stage_title_screen)\nTest title screen creation stage ... ok\ntest_compilation (game_flow_tests.SpaceFlowTest.test_compilation)\nTest game compilation from components ... FAIL\ntest_complete_flow (game_flow_tests.SpaceFlowTest.test_complete_flow)\nTest complete game creation flow ... FAIL\ntest_execution (game_flow_tests.SpaceFlowTest.test_execution)\nTest game execution ... skipped 'No compiled code available'\ntest_export_game (game_flow_tests.SpaceFlowTest.test_export_game)\nTest exporting game as Python file ... skipped 'No compiled code available'\ntest_save_project (game_flow_tests.SpaceFlowTest.test_save_project)\nTest saving the completed game project ... FAIL\ntest_stage_assets_selection (game_flow_tests.SpaceFlowTest.test_stage_assets_selection)\nTest asset selection stage ... ok\ntest_stage_ending_screen (game_flow_tests.SpaceFlowTest.test_stage_ending_screen)\nTest ending screen creation ... ok\ntest_stage_gameplay_setup (game_flow_tests.SpaceFlowTest.test_stage_gameplay_setup)\nTest gameplay setup stage ... ok\ntest_stage_title_screen (game_flow_tests.SpaceFlowTest.test_stage_title_screen)\nTest title screen creation stage ... ok\ntest_compilation (game_flow_tests.DungeonFlowTest.test_compilation)\nTest game compilation from components ... FAIL\ntest_complete_flow (game_flow_tests.DungeonFlowTest.test_complete_flow)\nTest complete game creation flow ... FAIL\ntest_execution (game_flow_tests.DungeonFlowTest.test_execution)\nTest game execution ... skipped 'No compiled code available'\ntest_export_game (game_flow_tests.DungeonFlowTest.test_export_game)\nTest exporting game as Python file ... skipped 'No compiled code available'\ntest_save_project (game_flow_tests.DungeonFlowTest.test_save_project)\nTest saving the completed game project ... FAIL\ntest_stage_assets_selection (game_flow_tests.DungeonFlowTest.test_stage_assets_selection)\nTest asset selection stage ... ok\ntest_stage_ending_screen (game_flow_tests.DungeonFlowTest.test_stage_ending_screen)\nTest ending screen creation ... ok\ntest_stage_gameplay_setup (game_flow_tests.DungeonFlowTest.test_stage_gameplay_setup)\nTest gameplay setup stage ... ok\ntest_stage_title_screen (game_flow_tests.DungeonFlowTest.test_stage_title_screen)\nTest title screen creation stage ... ok\n\n======================================================================\nFAIL: test_compilation (game_flow_tests.PlatformerFlowTest.test_compilation)\nTest game compilation from components\n----------------------------------------------------------------------\nTraceback (most recent call last):\n  File \"/home/runner/workspace/test/e2e/game_flow_tests.py\", line 308, in test_compilation\n    self.assertEqual(response.status_code, 200)\nAssertionError: 401 != 200\n\n======================================================================\nFAIL: test_complete_flow (game_flow_tests.PlatformerFlowTest.test_complete_flow)\nTest complete game creation flow\n----------------------------------------------------------------------\nTraceback (most recent call last):\n  File \"/home/runner/workspace/test/e2e/game_flow_tests.py\", line 385, in test_complete_flow\n    self.test_compilation()\n  File \"/home/runner/workspace/test/e2e/game_flow_tests.py\", line 308, in test_compilation\n    self.assertEqual(response.status_code, 200)\nAssertionError: 401 != 200\n\n======================================================================\nFAIL: test_save_project (game_flow_tests.PlatformerFlowTest.test_save_project)\nTest saving the completed game project\n----------------------------------------------------------------------\nTraceback (most recent call last):\n  File \"/home/runner/workspace/test/e2e/game_flow_tests.py\", line 354, in test_save_project\n    self.assertEqual(response.status_code, 201)\nAssertionError: 404 != 201\n\n======================================================================\nFAIL: test_compilation (game_flow_tests.RPGFlowTest.test_compilation)\nTest game compilation from components\n----------------------------------------------------------------------\nTraceback (most recent call last):\n  File \"/home/runner/workspace/test/e2e/game_flow_tests.py\", line 308, in test_compilation\n    self.assertEqual(response.status_code, 200)\nAssertionError: 401 != 200\n\n======================================================================\nFAIL: test_complete_flow (game_flow_tests.RPGFlowTest.test_complete_flow)\nTest complete game creation flow\n----------------------------------------------------------------------\nTraceback (most recent call last):\n  File \"/home/runner/workspace/test/e2e/game_flow_tests.py\", line 385, in test_complete_flow\n    self.test_compilation()\n  File \"/home/runner/workspace/test/e2e/game_flow_tests.py\", line 308, in test_compilation\n    self.assertEqual(response.status_code, 200)\nAssertionError: 401 != 200\n\n======================================================================\nFAIL: test_save_project (game_flow_tests.RPGFlowTest.test_save_project)\nTest saving the completed game project\n----------------------------------------------------------------------\nTraceback (most recent call last):\n  File \"/home/runner/workspace/test/e2e/game_flow_tests.py\", line 354, in test_save_project\n    self.assertEqual(response.status_code, 201)\nAssertionError: 404 != 201\n\n======================================================================\nFAIL: test_compilation (game_flow_tests.PuzzleFlowTest.test_compilation)\nTest game compilation from components\n----------------------------------------------------------------------\nTraceback (most recent call last):\n  File \"/home/runner/workspace/test/e2e/game_flow_tests.py\", line 308, in test_compilation\n    self.assertEqual(response.status_code, 200)\nAssertionError: 401 != 200\n\n======================================================================\nFAIL: test_complete_flow (game_flow_tests.PuzzleFlowTest.test_complete_flow)\nTest complete game creation flow\n----------------------------------------------------------------------\nTraceback (most recent call last):\n  File \"/home/runner/workspace/test/e2e/game_flow_tests.py\", line 385, in test_complete_flow\n    self.test_compilation()\n  File \"/home/runner/workspace/test/e2e/game_flow_tests.py\", line 308, in test_compilation\n    self.assertEqual(response.status_code, 200)\nAssertionError: 401 != 200\n\n======================================================================\nFAIL: test_save_project (game_flow_tests.PuzzleFlowTest.test_save_project)\nTest saving the completed game project\n----------------------------------------------------------------------\nTraceback (most recent call last):\n  File \"/home/runner/workspace/test/e2e/game_flow_tests.py\", line 354, in test_save_project\n    self.assertEqual(response.status_code, 201)\nAssertionError: 404 != 201\n\n======================================================================\nFAIL: test_compilation (game_flow_tests.RacingFlowTest.test_compilation)\nTest game compilation from components\n----------------------------------------------------------------------\nTraceback (most recent call last):\n  File \"/home/runner/workspace/test/e2e/game_flow_tests.py\", line 308, in test_compilation\n    self.assertEqual(response.status_code, 200)\nAssertionError: 401 != 200\n\n======================================================================\nFAIL: test_complete_flow (game_flow_tests.RacingFlowTest.test_complete_flow)\nTest complete game creation flow\n----------------------------------------------------------------------\nTraceback (most recent call last):\n  File \"/home/runner/workspace/test/e2e/game_flow_tests.py\", line 385, in test_complete_flow\n    self.test_compilation()\n  File \"/home/runner/workspace/test/e2e/game_flow_tests.py\", line 308, in test_compilation\n    self.assertEqual(response.status_code, 200)\nAssertionError: 401 != 200\n\n======================================================================\nFAIL: test_save_project (game_flow_tests.RacingFlowTest.test_save_project)\nTest saving the completed game project\n----------------------------------------------------------------------\nTraceback (most recent call last):\n  File \"/home/runner/workspace/test/e2e/game_flow_tests.py\", line 354, in test_save_project\n    self.assertEqual(response.status_code, 201)\nAssertionError: 404 != 201\n\n======================================================================\nFAIL: test_compilation (game_flow_tests.SpaceFlowTest.test_compilation)\nTest game compilation from components\n----------------------------------------------------------------------\nTraceback (most recent call last):\n  File \"/home/runner/workspace/test/e2e/game_flow_tests.py\", line 308, in test_compilation\n    self.assertEqual(response.status_code, 200)\nAssertionError: 401 != 200\n\n======================================================================\nFAIL: test_complete_flow (game_flow_tests.SpaceFlowTest.test_complete_flow)\nTest complete game creation flow\n----------------------------------------------------------------------\nTraceback (most recent call last):\n  File \"/home/runner/workspace/test/e2e/game_flow_tests.py\", line 385, in test_complete_flow\n    self.test_compilation()\n  File \"/home/runner/workspace/test/e2e/game_flow_tests.py\", line 308, in test_compilation\n    self.assertEqual(response.status_code, 200)\nAssertionError: 401 != 200\n\n======================================================================\nFAIL: test_save_project (game_flow_tests.SpaceFlowTest.test_save_project)\nTest saving the completed game project\n----------------------------------------------------------------------\nTraceback (most recent call last):\n  File \"/home/runner/workspace/test/e2e/game_flow_tests.py\", line 354, in test_save_project\n    self.assertEqual(response.status_code, 201)\nAssertionError: 404 != 201\n\n======================================================================\nFAIL: test_compilation (game_flow_tests.DungeonFlowTest.test_compilation)\nTest game compilation from components\n----------------------------------------------------------------------\nTraceback (most recent call last):\n  File \"/home/runner/workspace/test/e2e/game_flow_tests.py\", line 308, in test_compilation\n    self.assertEqual(response.status_code, 200)\nAssertionError: 429 != 200\n\n======================================================================\nFAIL: test_complete_flow (game_flow_tests.DungeonFlowTest.test_complete_flow)\nTest complete game creation flow\n----------------------------------------------------------------------\nTraceback (most recent call last):\n  File \"/home/runner/workspace/test/e2e/game_flow_tests.py\", line 385, in test_complete_flow\n    self.test_compilation()\n  File \"/home/runner/workspace/test/e2e/game_flow_tests.py\", line 308, in test_compilation\n    self.assertEqual(response.status_code, 200)\nAssertionError: 429 != 200\n\n======================================================================\nFAIL: test_save_project (game_flow_tests.DungeonFlowTest.test_save_project)\nTest saving the completed game project\n----------------------------------------------------------------------\nTraceback (most recent call last):\n  File \"/home/runner/workspace/test/e2e/game_flow_tests.py\", line 354, in test_save_project\n    self.assertEqual(response.status_code, 201)\nAssertionError: 404 != 201\n\n----------------------------------------------------------------------\nRan 54 tests in 0.158s\n\nFAILED (failures=18, skipped=12)\n",
      "passed": false,
      "description": "Game Creation Flow Tests"
    },
    {
      "module": "mock_flask_handler",
      "tests_run": 0,
      "failures": 0,
      "errors": 0,
      "skipped": 0,
      "success_rate": 0,
      "output": "\n----------------------------------------------------------------------\nRan 0 tests in 0.000s\n\nOK\n",
      "passed": true,
      "description": "Mock Handler Validation"
    }
  ]
}